Build started 9/9/2016 4:27:13 PM.
     1>Project "c:\Users\vasal1\documents\visual studio 2015\Projects\Lec3Lab1\Lec3Lab1\Lec3Lab1.vcxproj" on node 2 (Build target(s)).
     1>ClCompile:
         C:\Program Files (x86)\Microsoft Visual Studio 14.0\VC\bin\CL.exe /c /ZI /nologo /W3 /WX- /sdl /Od /Oy- /D WIN32 /D _DEBUG /D _CONSOLE /D _UNICODE /D UNICODE /Gm /EHsc /RTC1 /MDd /GS /fp:precise /Zc:wchar_t /Zc:forScope /Zc:inline /Fo"Debug\\" /Fd"Debug\vc140.pdb" /Gd /TC /analyze- /errorReport:prompt Quiz2.C
         Quiz2.C
     1>c:\users\vasal1\documents\visual studio 2015\projects\lec3lab1\lec3lab1\quiz2.c(20): warning C4244: '=': conversion from 'double' to 'float', possible loss of data
     1>c:\users\vasal1\documents\visual studio 2015\projects\lec3lab1\lec3lab1\quiz2.c(21): warning C4244: '=': conversion from 'double' to 'float', possible loss of data
     1>c:\users\vasal1\documents\visual studio 2015\projects\lec3lab1\lec3lab1\quiz2.c(22): warning C4244: '=': conversion from 'double' to 'float', possible loss of data
     1>c:\users\vasal1\documents\visual studio 2015\projects\lec3lab1\lec3lab1\quiz2.c(24): warning C4244: '=': conversion from 'double' to 'float', possible loss of data
     1>c:\users\vasal1\documents\visual studio 2015\projects\lec3lab1\lec3lab1\quiz2.c(25): warning C4244: '=': conversion from 'double' to 'float', possible loss of data
     1>c:\users\vasal1\documents\visual studio 2015\projects\lec3lab1\lec3lab1\quiz2.c(26): warning C4244: '=': conversion from 'double' to 'float', possible loss of data
     1>c:\users\vasal1\documents\visual studio 2015\projects\lec3lab1\lec3lab1\quiz2.c(31): warning C4477: 'printf' : format string '%d' requires an argument of type 'int', but variadic argument 1 has type 'double'
     1>c:\users\vasal1\documents\visual studio 2015\projects\lec3lab1\lec3lab1\quiz2.c(31): warning C4474: 'printf' : too many arguments passed for format string
         c:\users\vasal1\documents\visual studio 2015\projects\lec3lab1\lec3lab1\quiz2.c(31): note: placeholders and their parameters expect 2 variadic arguments, but 3 were provided
     1>c:\users\vasal1\documents\visual studio 2015\projects\lec3lab1\lec3lab1\quiz2.c(32): warning C4477: 'printf' : format string '%d' requires an argument of type 'int', but variadic argument 1 has type 'double'
     1>c:\users\vasal1\documents\visual studio 2015\projects\lec3lab1\lec3lab1\quiz2.c(32): warning C4474: 'printf' : too many arguments passed for format string
         c:\users\vasal1\documents\visual studio 2015\projects\lec3lab1\lec3lab1\quiz2.c(32): note: placeholders and their parameters expect 2 variadic arguments, but 3 were provided
     1>c:\users\vasal1\documents\visual studio 2015\projects\lec3lab1\lec3lab1\quiz2.c(33): warning C4477: 'printf' : format string '%d' requires an argument of type 'int', but variadic argument 1 has type 'double'
     1>c:\users\vasal1\documents\visual studio 2015\projects\lec3lab1\lec3lab1\quiz2.c(33): warning C4474: 'printf' : too many arguments passed for format string
         c:\users\vasal1\documents\visual studio 2015\projects\lec3lab1\lec3lab1\quiz2.c(33): note: placeholders and their parameters expect 2 variadic arguments, but 3 were provided
       Link:
         C:\Program Files (x86)\Microsoft Visual Studio 14.0\VC\bin\link.exe /ERRORREPORT:PROMPT /OUT:"c:\users\vasal1\documents\visual studio 2015\Projects\Lec3Lab1\Debug\Lec3Lab1.exe" /INCREMENTAL /NOLOGO kernel32.lib user32.lib gdi32.lib winspool.lib comdlg32.lib advapi32.lib shell32.lib ole32.lib oleaut32.lib uuid.lib odbc32.lib odbccp32.lib /MANIFEST /MANIFESTUAC:"level='asInvoker' uiAccess='false'" /manifest:embed /Debug /PDB:"c:\users\vasal1\documents\visual studio 2015\Projects\Lec3Lab1\Debug\Lec3Lab1.pdb" /SUBSYSTEM:CONSOLE /TLBID:1 /DYNAMICBASE /NXCOMPAT /IMPLIB:"c:\users\vasal1\documents\visual studio 2015\Projects\Lec3Lab1\Debug\Lec3Lab1.lib" /MACHINE:X86 Debug\Lab1.obj
         Debug\Lab2.obj
         Debug\Quiz2.obj
     1>Lab2.obj : error LNK2005: _main already defined in Lab1.obj
     1>Quiz2.obj : error LNK2005: _main already defined in Lab1.obj
     1>c:\users\vasal1\documents\visual studio 2015\Projects\Lec3Lab1\Debug\Lec3Lab1.exe : fatal error LNK1169: one or more multiply defined symbols found
     1>Done Building Project "c:\Users\vasal1\documents\visual studio 2015\Projects\Lec3Lab1\Lec3Lab1\Lec3Lab1.vcxproj" (Build target(s)) -- FAILED.

Build FAILED.

Time Elapsed 00:00:00.45
