Build started 9/30/2016 3:22:53 PM.
     1>Project "C:\Users\vasal1\Documents\GitHub\EEGR_409\Lecture5.1\Lecture5.1\Lecture5.1.vcxproj" on node 2 (Build target(s)).
     1>ClCompile:
         C:\Program Files (x86)\Microsoft Visual Studio 14.0\VC\bin\CL.exe /c /ZI /nologo /W3 /WX- /Od /Oy- /D WIN32 /D _DEBUG /D _CONSOLE /D _UNICODE /D UNICODE /Gm /EHsc /RTC1 /MDd /GS /fp:precise /Zc:wchar_t /Zc:forScope /Zc:inline /Fo"Debug\\" /Fd"Debug\vc140.pdb" /Gd /TC /analyze- /errorReport:prompt Lab2.C Lab3.C
         Lab3.C
     1>c:\users\vasal1\documents\github\eegr_409\lecture5.1\lecture5.1\lab3.c(20): warning C4996: 'scanf': This function or variable may be unsafe. Consider using scanf_s instead. To disable deprecation, use _CRT_SECURE_NO_WARNINGS. See online help for details.
         c:\program files (x86)\windows kits\10\include\10.0.10150.0\ucrt\stdio.h(1270): note: see declaration of 'scanf'
         Lab2.C
         Generating Code...
     1>c:\users\vasal1\documents\github\eegr_409\lecture5.1\lecture5.1\lab3.c(23): warning C4700: uninitialized local variable 'c2' used
       Link:
         C:\Program Files (x86)\Microsoft Visual Studio 14.0\VC\bin\link.exe /ERRORREPORT:PROMPT /OUT:"C:\Users\vasal1\Documents\GitHub\EEGR_409\Lecture5.1\Debug\Lecture5.1.exe" /INCREMENTAL /NOLOGO kernel32.lib user32.lib gdi32.lib winspool.lib comdlg32.lib advapi32.lib shell32.lib ole32.lib oleaut32.lib uuid.lib odbc32.lib odbccp32.lib /MANIFEST /MANIFESTUAC:"level='asInvoker' uiAccess='false'" /manifest:embed /Debug /PDB:"C:\Users\vasal1\Documents\GitHub\EEGR_409\Lecture5.1\Debug\Lecture5.1.pdb" /SUBSYSTEM:CONSOLE /TLBID:1 /DYNAMICBASE /NXCOMPAT /IMPLIB:"C:\Users\vasal1\Documents\GitHub\EEGR_409\Lecture5.1\Debug\Lecture5.1.lib" /MACHINE:X86 Debug\Lab2.obj
         Debug\Lab3.obj
     1>Lab3.obj : error LNK2005: _main already defined in Lab2.obj
     1>C:\Users\vasal1\Documents\GitHub\EEGR_409\Lecture5.1\Debug\Lecture5.1.exe : fatal error LNK1169: one or more multiply defined symbols found
     1>Done Building Project "C:\Users\vasal1\Documents\GitHub\EEGR_409\Lecture5.1\Lecture5.1\Lecture5.1.vcxproj" (Build target(s)) -- FAILED.

Build FAILED.

Time Elapsed 00:00:01.24
