Build started 9/23/2016 3:53:28 PM.
     1>Project "C:\Users\vasal1\Documents\GitHub\EEGR_409\Lecture5\Lecture5\Lecture5.vcxproj" on node 2 (Build target(s)).
     1>ClCompile:
         C:\Program Files (x86)\Microsoft Visual Studio 14.0\VC\bin\CL.exe /c /ZI /nologo /W3 /WX- /sdl /Od /Oy- /D WIN32 /D _DEBUG /D _CONSOLE /D _UNICODE /D UNICODE /Gm /EHsc /RTC1 /MDd /GS /fp:precise /Zc:wchar_t /Zc:forScope /Zc:inline /Fo"Debug\\" /Fd"Debug\vc140.pdb" /Gd /TC /analyze- /errorReport:prompt Lab2.C
         Lab2.C
     1>c:\users\vasal1\documents\github\eegr_409\lecture5\lecture5\lab2.c(16): warning C4473: 'scanf_s' : not enough arguments passed for format string
         c:\users\vasal1\documents\github\eegr_409\lecture5\lecture5\lab2.c(16): note: placeholders and their parameters expect 2 variadic arguments, but 1 were provided
         c:\users\vasal1\documents\github\eegr_409\lecture5\lecture5\lab2.c(16): note: the missing variadic argument 2 is required by format string '%c'
         c:\users\vasal1\documents\github\eegr_409\lecture5\lecture5\lab2.c(16): note: this argument is used as a buffer size
       Link:
         C:\Program Files (x86)\Microsoft Visual Studio 14.0\VC\bin\link.exe /ERRORREPORT:PROMPT /OUT:"C:\Users\vasal1\Documents\GitHub\EEGR_409\Lecture5\Debug\Lecture5.exe" /INCREMENTAL /NOLOGO kernel32.lib user32.lib gdi32.lib winspool.lib comdlg32.lib advapi32.lib shell32.lib ole32.lib oleaut32.lib uuid.lib odbc32.lib odbccp32.lib /MANIFEST /MANIFESTUAC:"level='asInvoker' uiAccess='false'" /manifest:embed /Debug /PDB:"C:\Users\vasal1\Documents\GitHub\EEGR_409\Lecture5\Debug\Lecture5.pdb" /SUBSYSTEM:CONSOLE /TLBID:1 /DYNAMICBASE /NXCOMPAT /IMPLIB:"C:\Users\vasal1\Documents\GitHub\EEGR_409\Lecture5\Debug\Lecture5.lib" /MACHINE:X86 Debug\Lab2.obj
         Debug\Lecture5Lab1.obj
     1>Lecture5Lab1.obj : error LNK2005: _main already defined in Lab2.obj
     1>C:\Users\vasal1\Documents\GitHub\EEGR_409\Lecture5\Debug\Lecture5.exe : fatal error LNK1169: one or more multiply defined symbols found
     1>Done Building Project "C:\Users\vasal1\Documents\GitHub\EEGR_409\Lecture5\Lecture5\Lecture5.vcxproj" (Build target(s)) -- FAILED.

Build FAILED.

Time Elapsed 00:00:00.43
